2018-11-13 11:24:54 INFO  mainpack.Machin - B
2018-11-13 11:25:03 INFO  mainpack.Machin - B
2018-11-13 12:45:53 INFO  mainpack.Machin - B
2018-11-13 12:46:04 INFO  mainpack.Machin - B
2018-11-13 12:54:21 INFO  persistance.dao.AnimalDAO - Animal found
2018-11-13 12:54:21 INFO  persistance.dao.AnimalDAO - Animal updated
2018-11-13 12:54:21 INFO  persistance.dao.AnimalDAO - Animal found
2018-11-13 12:54:22 INFO  persistance.dao.AnimalDAO - Animal found
2018-11-13 12:54:22 INFO  persistance.dao.AnimalDAO - Animal found
2018-11-13 12:54:22 INFO  persistance.dao.AnimalDAO - Animals found
2018-11-13 12:54:23 INFO  persistance.dao.AnimalDAO - Animal deleted
2018-11-13 12:54:23 INFO  persistance.dao.AnimalDAO - Animals found
2018-11-13 12:54:23 INFO  persistance.dao.AnimalDAO - Animal deleted
2018-11-13 12:54:23 INFO  persistance.dao.AnimalDAO - Animals found
2018-11-13 12:54:23 INFO  persistance.dao.AnimalDAO - Animal deleted
2018-11-13 12:54:24 INFO  persistance.dao.AnimalDAO - Animals found
2018-11-13 12:54:24 INFO  persistance.dao.AnimalDAO - Animal created
2018-11-13 12:54:24 INFO  persistance.dao.AnimalDAO - Animal found
2018-11-13 12:54:24 INFO  persistance.dao.AnimalDAO - Animal found
2018-11-13 12:59:27 INFO  persistance.dao.AnimalDAO - Animal found
2018-11-13 12:59:27 INFO  persistance.dao.AnimalDAO - Animal updated
2018-11-13 12:59:27 INFO  persistance.dao.AnimalDAO - Animal found
2018-11-13 12:59:28 INFO  persistance.dao.AnimalDAO - Animal found
2018-11-13 12:59:28 INFO  persistance.dao.AnimalDAO - Animal found
2018-11-13 12:59:29 INFO  persistance.dao.AnimalDAO - Animals found
2018-11-13 12:59:30 INFO  persistance.dao.AnimalDAO - Animal deleted
2018-11-13 12:59:30 INFO  persistance.dao.AnimalDAO - Animals found
2018-11-13 12:59:30 INFO  persistance.dao.AnimalDAO - Animal deleted
2018-11-13 12:59:30 INFO  persistance.dao.AnimalDAO - Animals found
2018-11-13 12:59:30 INFO  persistance.dao.AnimalDAO - Animal deleted
2018-11-13 12:59:30 INFO  persistance.dao.AnimalDAO - Animals found
2018-11-13 12:59:31 WARN  persistance.dao.AnimalDAO - Attention
2018-11-13 12:59:31 INFO  persistance.dao.AnimalDAO - Animal created
2018-11-13 12:59:31 INFO  persistance.dao.AnimalDAO - Animal found
2018-11-13 12:59:31 INFO  persistance.dao.AnimalDAO - Animal found
2018-11-13 12:59:53 INFO  persistance.dao.AnimalDAO - Animal found
2018-11-13 12:59:53 INFO  persistance.dao.AnimalDAO - Animal updated
2018-11-13 12:59:53 INFO  persistance.dao.AnimalDAO - Animal found
2018-11-13 12:59:54 INFO  persistance.dao.AnimalDAO - Animal found
2018-11-13 12:59:54 INFO  persistance.dao.AnimalDAO - Animal found
2018-11-13 12:59:54 INFO  persistance.dao.AnimalDAO - Animals found
2018-11-13 12:59:55 INFO  persistance.dao.AnimalDAO - Animal deleted
2018-11-13 12:59:55 INFO  persistance.dao.AnimalDAO - Animals found
2018-11-13 12:59:55 INFO  persistance.dao.AnimalDAO - Animal deleted
2018-11-13 12:59:55 INFO  persistance.dao.AnimalDAO - Animals found
2018-11-13 12:59:55 INFO  persistance.dao.AnimalDAO - Animal deleted
2018-11-13 12:59:56 INFO  persistance.dao.AnimalDAO - Animals found
2018-11-13 12:59:56 WARN  persistance.dao.AnimalDAO - Attention
2018-11-13 12:59:56 ERROR persistance.dao.AnimalDAO - Erreur
2018-11-13 12:59:56 INFO  persistance.dao.AnimalDAO - Animal created
2018-11-13 12:59:56 INFO  persistance.dao.AnimalDAO - Animal found
2018-11-13 12:59:56 INFO  persistance.dao.AnimalDAO - Animal found
2018-11-13 13:07:30 INFO  persistance.dao.AnimalDAO - Animal found
2018-11-13 13:07:30 INFO  persistance.dao.AnimalDAO - Animal updated
2018-11-13 13:07:30 INFO  persistance.dao.AnimalDAO - Animal found
2018-11-13 13:07:31 INFO  persistance.dao.AnimalDAO - Animal found
2018-11-13 13:07:31 INFO  persistance.dao.AnimalDAO - Animal found
2018-11-13 13:07:32 INFO  persistance.dao.AnimalDAO - Animals found
2018-11-13 13:07:33 INFO  persistance.dao.AnimalDAO - Animal deleted
2018-11-13 13:07:33 INFO  persistance.dao.AnimalDAO - Animals found
2018-11-13 13:07:33 INFO  persistance.dao.AnimalDAO - Animal deleted
2018-11-13 13:07:33 INFO  persistance.dao.AnimalDAO - Animals found
2018-11-13 13:07:33 INFO  persistance.dao.AnimalDAO - Animal deleted
2018-11-13 13:07:33 INFO  persistance.dao.AnimalDAO - Animals found
2018-11-13 13:07:35 INFO  persistance.dao.PersonDAO - Persons found
2018-11-13 13:07:35 INFO  persistance.dao.PersonDAO - Person found
2018-11-13 13:07:35 INFO  persistance.dao.PersonDAO - Person updated
2018-11-13 13:07:35 INFO  persistance.dao.PersonDAO - Persons found
2018-11-13 13:07:35 INFO  persistance.dao.PersonDAO - Persons found
2018-11-13 13:07:35 INFO  persistance.dao.PersonDAO - Persons found
2018-11-13 13:07:35 INFO  persistance.dao.PersonDAO - Persons found
2018-11-13 13:07:35 INFO  persistance.dao.PersonDAO - Persons found
2018-11-13 13:07:35 INFO  persistance.dao.PersonDAO - Persons found
2018-11-13 13:07:35 INFO  persistance.dao.PersonDAO - Persons found
2018-11-13 13:07:35 INFO  persistance.dao.PersonDAO - Persons found
2018-11-13 13:07:35 INFO  persistance.dao.PersonDAO - Persons found
2018-11-13 13:07:35 INFO  persistance.dao.PersonDAO - Persons found
2018-11-13 13:07:35 INFO  persistance.dao.PersonDAO - Persons found
2018-11-13 13:07:35 INFO  persistance.dao.PersonDAO - PersonA found
2018-11-13 13:07:36 INFO  persistance.dao.PersonDAO - Persons found
2018-11-13 13:07:36 INFO  persistance.dao.PersonDAO - Persons found
2018-11-13 13:07:37 INFO  persistance.dao.PersonDAO - PersonsA found
2018-11-13 13:07:38 INFO  persistance.dao.PersonDAO - Person deleted
2018-11-13 13:07:38 INFO  persistance.dao.PersonDAO - PersonsA found
2018-11-13 13:07:38 INFO  persistance.dao.PersonDAO - Person deleted
2018-11-13 13:07:38 INFO  persistance.dao.PersonDAO - PersonsA found
2018-11-13 13:07:38 INFO  persistance.dao.PersonDAO - Person deleted
2018-11-13 13:07:38 INFO  persistance.dao.PersonDAO - PersonsA found
2018-11-13 13:07:39 INFO  persistance.dao.AnimalDAO - Animal found
2018-11-13 13:07:39 INFO  persistance.dao.PersonDAO - Person created
2018-11-13 13:07:39 INFO  persistance.dao.PersonDAO - Persons found
2018-11-13 13:07:39 INFO  persistance.dao.PersonDAO - Persons found
2018-11-13 13:07:40 INFO  persistance.dao.AnimalDAO - Animal found
2018-11-13 13:07:40 INFO  persistance.dao.AnimalDAO - Animal found
2018-11-13 13:07:40 INFO  persistance.dao.AnimalDAO - Animal found
2018-11-13 13:07:40 INFO  persistance.dao.PersonDAO - Person created
2018-11-13 13:07:40 INFO  persistance.dao.PersonDAO - Person found
2018-11-13 13:10:10 INFO  persistance.dao.AnimalDAO - Animal found
2018-11-13 13:10:10 INFO  persistance.dao.AnimalDAO - Animal updated
2018-11-13 13:10:10 INFO  persistance.dao.AnimalDAO - Animal found
2018-11-13 13:10:11 INFO  persistance.dao.AnimalDAO - Animal found
2018-11-13 13:10:11 INFO  persistance.dao.AnimalDAO - Animal found
2018-11-13 13:10:12 INFO  persistance.dao.AnimalDAO - Animals found
2018-11-13 13:10:13 INFO  persistance.dao.AnimalDAO - Animal deleted
2018-11-13 13:10:13 INFO  persistance.dao.AnimalDAO - Animals found
2018-11-13 13:10:13 INFO  persistance.dao.AnimalDAO - Animal deleted
2018-11-13 13:10:13 INFO  persistance.dao.AnimalDAO - Animals found
2018-11-13 13:10:13 INFO  persistance.dao.AnimalDAO - Animal deleted
2018-11-13 13:10:13 INFO  persistance.dao.AnimalDAO - Animals found
2018-11-13 13:10:14 INFO  persistance.dao.PersonDAO - Persons found
2018-11-13 13:10:14 INFO  persistance.dao.PersonDAO - Person found
2018-11-13 13:10:14 INFO  persistance.dao.PersonDAO - Person updated
2018-11-13 13:10:14 INFO  persistance.dao.PersonDAO - Persons found
2018-11-13 13:10:15 INFO  persistance.dao.PersonDAO - Persons found
2018-11-13 13:10:15 INFO  persistance.dao.PersonDAO - Persons found
2018-11-13 13:10:15 INFO  persistance.dao.PersonDAO - Persons found
2018-11-13 13:10:15 INFO  persistance.dao.PersonDAO - Persons found
2018-11-13 13:10:15 INFO  persistance.dao.PersonDAO - Persons found
2018-11-13 13:10:15 INFO  persistance.dao.PersonDAO - Persons found
2018-11-13 13:10:15 INFO  persistance.dao.PersonDAO - Persons found
2018-11-13 13:10:15 INFO  persistance.dao.PersonDAO - Persons found
2018-11-13 13:10:15 INFO  persistance.dao.PersonDAO - Persons found
2018-11-13 13:10:15 INFO  persistance.dao.PersonDAO - Persons found
2018-11-13 13:10:15 INFO  persistance.dao.PersonDAO - PersonA found
2018-11-13 13:10:16 INFO  persistance.dao.PersonDAO - Persons found
2018-11-13 13:10:16 INFO  persistance.dao.PersonDAO - Persons found
2018-11-13 13:10:16 INFO  persistance.dao.PersonDAO - PersonsA found
2018-11-13 13:10:17 INFO  persistance.dao.PersonDAO - Person deleted
2018-11-13 13:10:17 INFO  persistance.dao.PersonDAO - PersonsA found
2018-11-13 13:10:17 INFO  persistance.dao.PersonDAO - Person deleted
2018-11-13 13:10:17 INFO  persistance.dao.PersonDAO - PersonsA found
2018-11-13 13:10:17 INFO  persistance.dao.PersonDAO - Person deleted
2018-11-13 13:10:17 INFO  persistance.dao.PersonDAO - PersonsA found
2018-11-13 13:10:18 INFO  persistance.dao.AnimalDAO - Animal found
2018-11-13 13:10:18 INFO  persistance.dao.PersonDAO - Person created
2018-11-13 13:10:18 INFO  persistance.dao.PersonDAO - Persons found
2018-11-13 13:10:18 INFO  persistance.dao.PersonDAO - Persons found
2018-11-13 13:10:19 INFO  persistance.dao.AnimalDAO - Animal found
2018-11-13 13:10:19 INFO  persistance.dao.AnimalDAO - Animal found
2018-11-13 13:10:19 INFO  persistance.dao.AnimalDAO - Animal found
2018-11-13 13:10:19 INFO  persistance.dao.PersonDAO - Person created
2018-11-13 13:10:19 INFO  persistance.dao.PersonDAO - Person found
2018-11-13 13:11:38 INFO  persistance.dao.AnimalDAO - Animal found
2018-11-13 13:11:38 INFO  persistance.dao.AnimalDAO - Animal updated
2018-11-13 13:11:38 INFO  persistance.dao.AnimalDAO - Animal found
2018-11-13 13:11:39 INFO  persistance.dao.AnimalDAO - Animal found
2018-11-13 13:11:39 INFO  persistance.dao.AnimalDAO - Animal found
2018-11-13 13:11:39 INFO  persistance.dao.AnimalDAO - Animals found
2018-11-13 13:11:40 INFO  persistance.dao.AnimalDAO - Animal deleted
2018-11-13 13:11:40 INFO  persistance.dao.AnimalDAO - Animals found
2018-11-13 13:11:40 INFO  persistance.dao.AnimalDAO - Animal deleted
2018-11-13 13:11:40 INFO  persistance.dao.AnimalDAO - Animals found
2018-11-13 13:11:40 INFO  persistance.dao.AnimalDAO - Animal deleted
2018-11-13 13:11:41 INFO  persistance.dao.AnimalDAO - Animals found
2018-11-13 13:12:03 INFO  persistance.dao.AnimalDAO - Animal found
2018-11-13 13:12:03 INFO  persistance.dao.AnimalDAO - Animal updated
2018-11-13 13:12:03 INFO  persistance.dao.AnimalDAO - Animal found
2018-11-13 13:12:03 INFO  persistance.dao.AnimalDAO - Animal found
2018-11-13 13:12:03 INFO  persistance.dao.AnimalDAO - Animal found
2018-11-13 13:12:04 INFO  persistance.dao.AnimalDAO - Animals found
2018-11-13 13:12:05 INFO  persistance.dao.AnimalDAO - Animal deleted
2018-11-13 13:12:05 INFO  persistance.dao.AnimalDAO - Animals found
2018-11-13 13:12:05 INFO  persistance.dao.AnimalDAO - Animal deleted
2018-11-13 13:12:05 INFO  persistance.dao.AnimalDAO - Animals found
2018-11-13 13:12:05 INFO  persistance.dao.AnimalDAO - Animal deleted
2018-11-13 13:12:05 INFO  persistance.dao.AnimalDAO - Animals found
2018-11-13 13:12:07 INFO  persistance.dao.PersonDAO - Persons found
2018-11-13 13:12:07 INFO  persistance.dao.PersonDAO - Person found
2018-11-13 13:12:07 INFO  persistance.dao.PersonDAO - Person updated
2018-11-13 13:12:07 INFO  persistance.dao.PersonDAO - Persons found
2018-11-13 13:12:08 INFO  persistance.dao.PersonDAO - Persons found
2018-11-13 13:12:08 INFO  persistance.dao.PersonDAO - Persons found
2018-11-13 13:12:08 INFO  persistance.dao.PersonDAO - Persons found
2018-11-13 13:12:08 INFO  persistance.dao.PersonDAO - Persons found
2018-11-13 13:12:08 INFO  persistance.dao.PersonDAO - Persons found
2018-11-13 13:12:08 INFO  persistance.dao.PersonDAO - Persons found
2018-11-13 13:12:08 INFO  persistance.dao.PersonDAO - Persons found
2018-11-13 13:12:08 INFO  persistance.dao.PersonDAO - Persons found
2018-11-13 13:12:08 INFO  persistance.dao.PersonDAO - Persons found
2018-11-13 13:12:08 INFO  persistance.dao.PersonDAO - Persons found
2018-11-13 13:12:08 INFO  persistance.dao.PersonDAO - PersonA found
2018-11-13 13:12:08 INFO  persistance.dao.PersonDAO - Persons found
2018-11-13 13:12:08 INFO  persistance.dao.PersonDAO - Persons found
2018-11-13 13:12:09 INFO  persistance.dao.PersonDAO - PersonsA found
2018-11-13 13:12:10 INFO  persistance.dao.PersonDAO - Person deleted
2018-11-13 13:12:10 INFO  persistance.dao.PersonDAO - PersonsA found
2018-11-13 13:12:10 INFO  persistance.dao.PersonDAO - Person deleted
2018-11-13 13:12:10 INFO  persistance.dao.PersonDAO - PersonsA found
2018-11-13 13:12:10 INFO  persistance.dao.PersonDAO - Person deleted
2018-11-13 13:12:10 INFO  persistance.dao.PersonDAO - PersonsA found
2018-11-13 13:12:11 INFO  persistance.dao.AnimalDAO - Animal found
2018-11-13 13:12:11 INFO  persistance.dao.PersonDAO - Person created
2018-11-13 13:12:11 INFO  persistance.dao.PersonDAO - Persons found
2018-11-13 13:12:11 INFO  persistance.dao.PersonDAO - Persons found
2018-11-13 13:12:12 INFO  persistance.dao.AnimalDAO - Animal found
2018-11-13 13:12:12 INFO  persistance.dao.AnimalDAO - Animal found
2018-11-13 13:12:12 INFO  persistance.dao.AnimalDAO - Animal found
2018-11-13 13:12:12 INFO  persistance.dao.PersonDAO - Person created
2018-11-13 13:12:12 INFO  persistance.dao.PersonDAO - Person found
2018-11-13 13:14:49 INFO  persistance.dao.AnimalDAO - Animal found
2018-11-13 13:14:49 INFO  persistance.dao.AnimalDAO - Animal updated
2018-11-13 13:14:49 INFO  persistance.dao.AnimalDAO - Animal found
2018-11-13 13:14:50 INFO  persistance.dao.AnimalDAO - Animal found
2018-11-13 13:14:50 INFO  persistance.dao.AnimalDAO - Animal found
2018-11-13 13:14:51 INFO  persistance.dao.AnimalDAO - Animals found
2018-11-13 13:14:52 INFO  persistance.dao.AnimalDAO - Animal deleted
2018-11-13 13:14:52 INFO  persistance.dao.AnimalDAO - Animals found
2018-11-13 13:14:52 INFO  persistance.dao.AnimalDAO - Animal deleted
2018-11-13 13:14:52 INFO  persistance.dao.AnimalDAO - Animals found
2018-11-13 13:14:52 INFO  persistance.dao.AnimalDAO - Animal deleted
2018-11-13 13:14:52 INFO  persistance.dao.AnimalDAO - Animals found
2018-11-13 13:14:53 INFO  persistance.dao.PersonDAO - Persons found
2018-11-13 13:14:53 INFO  persistance.dao.PersonDAO - Person found
2018-11-13 13:14:53 INFO  persistance.dao.PersonDAO - Person updated
2018-11-13 13:14:53 INFO  persistance.dao.PersonDAO - Persons found
2018-11-13 13:14:54 INFO  persistance.dao.PersonDAO - Persons found
2018-11-13 13:14:54 INFO  persistance.dao.PersonDAO - Persons found
2018-11-13 13:14:54 INFO  persistance.dao.PersonDAO - Persons found
2018-11-13 13:14:54 INFO  persistance.dao.PersonDAO - Persons found
2018-11-13 13:14:54 INFO  persistance.dao.PersonDAO - Persons found
2018-11-13 13:14:54 INFO  persistance.dao.PersonDAO - Persons found
2018-11-13 13:14:54 INFO  persistance.dao.PersonDAO - Persons found
2018-11-13 13:14:54 INFO  persistance.dao.PersonDAO - Persons found
2018-11-13 13:14:54 INFO  persistance.dao.PersonDAO - Persons found
2018-11-13 13:14:54 INFO  persistance.dao.PersonDAO - Persons found
2018-11-13 13:14:54 INFO  persistance.dao.PersonDAO - PersonA found
2018-11-13 13:14:55 INFO  persistance.dao.PersonDAO - Persons found
2018-11-13 13:14:55 INFO  persistance.dao.PersonDAO - Persons found
2018-11-13 13:14:56 INFO  persistance.dao.PersonDAO - PersonsA found
2018-11-13 13:14:56 INFO  persistance.dao.PersonDAO - Person deleted
2018-11-13 13:14:57 INFO  persistance.dao.PersonDAO - PersonsA found
2018-11-13 13:14:57 INFO  persistance.dao.PersonDAO - Person deleted
2018-11-13 13:14:57 INFO  persistance.dao.PersonDAO - PersonsA found
2018-11-13 13:14:57 INFO  persistance.dao.PersonDAO - Person deleted
2018-11-13 13:14:57 INFO  persistance.dao.PersonDAO - PersonsA found
2018-11-13 13:14:57 INFO  persistance.dao.AnimalDAO - Animal found
2018-11-13 13:14:57 INFO  persistance.dao.PersonDAO - Person created
2018-11-13 13:14:57 INFO  persistance.dao.PersonDAO - Persons found
2018-11-13 13:14:57 INFO  persistance.dao.PersonDAO - Persons found
2018-11-13 13:14:58 INFO  persistance.dao.AnimalDAO - Animal found
2018-11-13 13:14:58 INFO  persistance.dao.AnimalDAO - Animal found
2018-11-13 13:14:58 INFO  persistance.dao.AnimalDAO - Animal found
2018-11-13 13:14:58 INFO  persistance.dao.PersonDAO - Person created
2018-11-13 13:14:58 INFO  persistance.dao.PersonDAO - Person found
2018-11-13 13:16:01 INFO  persistance.dao.AnimalDAO - Animal found
2018-11-13 13:16:01 INFO  persistance.dao.AnimalDAO - Animal updated
2018-11-13 13:16:01 INFO  persistance.dao.AnimalDAO - Animal found
2018-11-13 13:16:02 INFO  persistance.dao.AnimalDAO - Animal found
2018-11-13 13:16:02 INFO  persistance.dao.AnimalDAO - Animal found
2018-11-13 13:16:03 INFO  persistance.dao.AnimalDAO - Animals found
2018-11-13 13:16:04 INFO  persistance.dao.AnimalDAO - Animal deleted
2018-11-13 13:16:04 INFO  persistance.dao.AnimalDAO - Animals found
2018-11-13 13:16:04 INFO  persistance.dao.AnimalDAO - Animal deleted
2018-11-13 13:16:04 INFO  persistance.dao.AnimalDAO - Animals found
2018-11-13 13:16:04 INFO  persistance.dao.AnimalDAO - Animal deleted
2018-11-13 13:16:04 INFO  persistance.dao.AnimalDAO - Animals found
2018-11-13 13:16:06 INFO  persistance.dao.PersonDAO - Persons found
2018-11-13 13:16:06 INFO  persistance.dao.PersonDAO - Person found
2018-11-13 13:16:06 INFO  persistance.dao.PersonDAO - Person updated
2018-11-13 13:16:06 INFO  persistance.dao.PersonDAO - Persons found
2018-11-13 13:16:06 INFO  persistance.dao.PersonDAO - Persons found
2018-11-13 13:16:06 INFO  persistance.dao.PersonDAO - Persons found
2018-11-13 13:16:06 INFO  persistance.dao.PersonDAO - Persons found
2018-11-13 13:16:06 INFO  persistance.dao.PersonDAO - Persons found
2018-11-13 13:16:06 INFO  persistance.dao.PersonDAO - Persons found
2018-11-13 13:16:06 INFO  persistance.dao.PersonDAO - Persons found
2018-11-13 13:16:06 INFO  persistance.dao.PersonDAO - Persons found
2018-11-13 13:16:06 INFO  persistance.dao.PersonDAO - Persons found
2018-11-13 13:16:06 INFO  persistance.dao.PersonDAO - Persons found
2018-11-13 13:16:06 INFO  persistance.dao.PersonDAO - Persons found
2018-11-13 13:16:06 INFO  persistance.dao.PersonDAO - PersonA found
2018-11-13 13:16:07 INFO  persistance.dao.PersonDAO - Persons found
2018-11-13 13:16:07 INFO  persistance.dao.PersonDAO - Persons found
2018-11-13 13:16:08 INFO  persistance.dao.PersonDAO - PersonsA found
2018-11-13 13:16:09 INFO  persistance.dao.PersonDAO - Person deleted
2018-11-13 13:16:09 INFO  persistance.dao.PersonDAO - PersonsA found
2018-11-13 13:16:09 INFO  persistance.dao.PersonDAO - Person deleted
2018-11-13 13:16:09 INFO  persistance.dao.PersonDAO - PersonsA found
2018-11-13 13:16:09 INFO  persistance.dao.PersonDAO - Person deleted
2018-11-13 13:16:09 INFO  persistance.dao.PersonDAO - PersonsA found
2018-11-13 13:16:10 INFO  persistance.dao.AnimalDAO - Animal found
2018-11-13 13:16:10 INFO  persistance.dao.PersonDAO - Person created
2018-11-13 13:16:10 INFO  persistance.dao.PersonDAO - Persons found
2018-11-13 13:16:10 INFO  persistance.dao.PersonDAO - Persons found
2018-11-13 13:16:11 INFO  persistance.dao.AnimalDAO - Animal found
2018-11-13 13:16:11 INFO  persistance.dao.AnimalDAO - Animal found
2018-11-13 13:16:11 INFO  persistance.dao.AnimalDAO - Animal found
2018-11-13 13:16:11 INFO  persistance.dao.PersonDAO - Person created
2018-11-13 13:16:11 INFO  persistance.dao.PersonDAO - Person found
2018-11-13 13:32:21 INFO  persistance.dao.AnimalDAO - Animal found
2018-11-13 13:32:21 INFO  persistance.dao.AnimalDAO - Animal updated
2018-11-13 13:32:21 INFO  persistance.dao.AnimalDAO - Animal found
2018-11-13 13:32:22 INFO  persistance.dao.AnimalDAO - Animal found
2018-11-13 13:32:22 INFO  persistance.dao.AnimalDAO - Animal found
2018-11-13 13:32:23 INFO  persistance.dao.AnimalDAO - Animals found
2018-11-13 13:32:24 INFO  persistance.dao.AnimalDAO - Animal deleted
2018-11-13 13:32:24 INFO  persistance.dao.AnimalDAO - Animals found
2018-11-13 13:32:24 INFO  persistance.dao.AnimalDAO - Animal deleted
2018-11-13 13:32:24 INFO  persistance.dao.AnimalDAO - Animals found
2018-11-13 13:32:24 INFO  persistance.dao.AnimalDAO - Animal deleted
2018-11-13 13:32:24 INFO  persistance.dao.AnimalDAO - Animals found
2018-11-13 13:32:26 INFO  persistance.dao.PersonDAO - Persons found
2018-11-13 13:32:26 INFO  persistance.dao.PersonDAO - Person found
2018-11-13 13:32:26 INFO  persistance.dao.PersonDAO - Person updated
2018-11-13 13:32:26 INFO  persistance.dao.PersonDAO - Persons found
2018-11-13 13:32:27 INFO  persistance.dao.PersonDAO - Persons found
2018-11-13 13:32:27 INFO  persistance.dao.PersonDAO - Persons found
2018-11-13 13:32:27 INFO  persistance.dao.PersonDAO - Persons found
2018-11-13 13:32:27 INFO  persistance.dao.PersonDAO - Persons found
2018-11-13 13:32:27 INFO  persistance.dao.PersonDAO - Persons found
2018-11-13 13:32:27 INFO  persistance.dao.PersonDAO - Persons found
2018-11-13 13:32:27 INFO  persistance.dao.PersonDAO - Persons found
2018-11-13 13:32:27 INFO  persistance.dao.PersonDAO - Persons found
2018-11-13 13:32:27 INFO  persistance.dao.PersonDAO - Persons found
2018-11-13 13:32:27 INFO  persistance.dao.PersonDAO - Persons found
2018-11-13 13:32:27 INFO  persistance.dao.PersonDAO - PersonA found
2018-11-13 13:32:27 INFO  persistance.dao.PersonDAO - Persons found
2018-11-13 13:32:27 INFO  persistance.dao.PersonDAO - Persons found
2018-11-13 13:32:28 INFO  persistance.dao.PersonDAO - PersonsA found
2018-11-13 13:32:29 INFO  persistance.dao.PersonDAO - Person deleted
2018-11-13 13:32:29 INFO  persistance.dao.PersonDAO - PersonsA found
2018-11-13 13:32:29 INFO  persistance.dao.PersonDAO - Person deleted
2018-11-13 13:32:29 INFO  persistance.dao.PersonDAO - PersonsA found
2018-11-13 13:32:29 INFO  persistance.dao.PersonDAO - Person deleted
2018-11-13 13:32:29 INFO  persistance.dao.PersonDAO - PersonsA found
2018-11-13 13:32:30 INFO  persistance.dao.AnimalDAO - Animal found
2018-11-13 13:32:30 INFO  persistance.dao.PersonDAO - Person created
2018-11-13 13:32:30 INFO  persistance.dao.PersonDAO - Persons found
2018-11-13 13:32:30 INFO  persistance.dao.PersonDAO - Persons found
2018-11-13 13:32:31 INFO  persistance.dao.AnimalDAO - Animal found
2018-11-13 13:32:31 INFO  persistance.dao.AnimalDAO - Animal found
2018-11-13 13:32:31 INFO  persistance.dao.AnimalDAO - Animal found
2018-11-13 13:32:31 INFO  persistance.dao.PersonDAO - Person created
2018-11-13 13:32:31 INFO  persistance.dao.PersonDAO - Person found
2018-11-13 13:35:59 INFO  persistance.dao.AnimalDAO - Animal found
2018-11-13 13:35:59 INFO  persistance.dao.AnimalDAO - Animal updated
2018-11-13 13:35:59 INFO  persistance.dao.AnimalDAO - Animal found
2018-11-13 13:36:00 INFO  persistance.dao.AnimalDAO - Animal found
2018-11-13 13:36:00 INFO  persistance.dao.AnimalDAO - Animal found
2018-11-13 13:36:01 INFO  persistance.dao.AnimalDAO - Animals found
2018-11-13 13:36:02 INFO  persistance.dao.AnimalDAO - Animal deleted
2018-11-13 13:36:02 INFO  persistance.dao.AnimalDAO - Animals found
2018-11-13 13:36:02 INFO  persistance.dao.AnimalDAO - Animal deleted
2018-11-13 13:36:02 INFO  persistance.dao.AnimalDAO - Animals found
2018-11-13 13:36:02 INFO  persistance.dao.AnimalDAO - Animal deleted
2018-11-13 13:36:02 INFO  persistance.dao.AnimalDAO - Animals found
2018-11-13 13:36:04 INFO  persistance.dao.PersonDAO - Persons found
2018-11-13 13:36:04 INFO  persistance.dao.PersonDAO - Person found
2018-11-13 13:36:04 INFO  persistance.dao.PersonDAO - Person updated
2018-11-13 13:36:04 INFO  persistance.dao.PersonDAO - Persons found
2018-11-13 13:36:05 INFO  persistance.dao.PersonDAO - Persons found
2018-11-13 13:36:05 INFO  persistance.dao.PersonDAO - Persons found
2018-11-13 13:36:05 INFO  persistance.dao.PersonDAO - Persons found
2018-11-13 13:36:05 INFO  persistance.dao.PersonDAO - Persons found
2018-11-13 13:36:05 INFO  persistance.dao.PersonDAO - Persons found
2018-11-13 13:36:05 INFO  persistance.dao.PersonDAO - Persons found
2018-11-13 13:36:05 INFO  persistance.dao.PersonDAO - Persons found
2018-11-13 13:36:05 INFO  persistance.dao.PersonDAO - Persons found
2018-11-13 13:36:05 INFO  persistance.dao.PersonDAO - Persons found
2018-11-13 13:36:05 INFO  persistance.dao.PersonDAO - Persons found
2018-11-13 13:36:05 INFO  persistance.dao.PersonDAO - PersonA found
2018-11-13 13:36:05 INFO  persistance.dao.PersonDAO - Persons found
2018-11-13 13:36:05 INFO  persistance.dao.PersonDAO - Persons found
2018-11-13 13:36:06 INFO  persistance.dao.PersonDAO - PersonsA found
2018-11-13 13:36:07 INFO  persistance.dao.PersonDAO - Person deleted
2018-11-13 13:36:07 INFO  persistance.dao.PersonDAO - PersonsA found
2018-11-13 13:36:07 INFO  persistance.dao.PersonDAO - Person deleted
2018-11-13 13:36:07 INFO  persistance.dao.PersonDAO - PersonsA found
2018-11-13 13:36:07 INFO  persistance.dao.PersonDAO - Person deleted
2018-11-13 13:36:07 INFO  persistance.dao.PersonDAO - PersonsA found
2018-11-13 13:36:08 INFO  persistance.dao.AnimalDAO - Animal found
2018-11-13 13:36:08 INFO  persistance.dao.PersonDAO - Person created
2018-11-13 13:36:08 INFO  persistance.dao.PersonDAO - Persons found
2018-11-13 13:36:08 INFO  persistance.dao.PersonDAO - Persons found
2018-11-13 13:36:08 INFO  persistance.dao.AnimalDAO - Animal found
2018-11-13 13:36:08 INFO  persistance.dao.AnimalDAO - Animal found
2018-11-13 13:36:08 INFO  persistance.dao.AnimalDAO - Animal found
2018-11-13 13:36:08 INFO  persistance.dao.PersonDAO - Person created
2018-11-13 13:36:09 INFO  persistance.dao.PersonDAO - Person found
2018-11-13 13:36:48 INFO  persistance.dao.AnimalDAO - Animal found
2018-11-13 13:36:48 INFO  persistance.dao.AnimalDAO - Animal updated
2018-11-13 13:36:48 INFO  persistance.dao.AnimalDAO - Animal found
2018-11-13 13:36:48 INFO  persistance.dao.AnimalDAO - Animal found
2018-11-13 13:36:48 INFO  persistance.dao.AnimalDAO - Animal found
2018-11-13 13:36:49 INFO  persistance.dao.AnimalDAO - Animals found
2018-11-13 13:36:50 INFO  persistance.dao.AnimalDAO - Animal deleted
2018-11-13 13:36:50 INFO  persistance.dao.AnimalDAO - Animals found
2018-11-13 13:36:50 INFO  persistance.dao.AnimalDAO - Animal deleted
2018-11-13 13:36:50 INFO  persistance.dao.AnimalDAO - Animals found
2018-11-13 13:36:50 INFO  persistance.dao.AnimalDAO - Animal deleted
2018-11-13 13:36:50 INFO  persistance.dao.AnimalDAO - Animals found
2018-11-13 13:36:51 INFO  persistance.dao.AnimalDAO - Animal created
2018-11-13 13:36:51 INFO  persistance.dao.AnimalDAO - Animal found
2018-11-13 13:36:51 INFO  persistance.dao.AnimalDAO - Animal found
2018-11-13 13:36:52 INFO  persistance.dao.PersonDAO - Persons found
2018-11-13 13:36:52 INFO  persistance.dao.PersonDAO - Person found
2018-11-13 13:36:52 INFO  persistance.dao.PersonDAO - Person updated
2018-11-13 13:36:52 INFO  persistance.dao.PersonDAO - Persons found
2018-11-13 13:36:53 INFO  persistance.dao.PersonDAO - Persons found
2018-11-13 13:36:53 INFO  persistance.dao.PersonDAO - Persons found
2018-11-13 13:36:53 INFO  persistance.dao.PersonDAO - Persons found
2018-11-13 13:36:53 INFO  persistance.dao.PersonDAO - Persons found
2018-11-13 13:36:53 INFO  persistance.dao.PersonDAO - Persons found
2018-11-13 13:36:53 INFO  persistance.dao.PersonDAO - Persons found
2018-11-13 13:36:53 INFO  persistance.dao.PersonDAO - Persons found
2018-11-13 13:36:53 INFO  persistance.dao.PersonDAO - Persons found
2018-11-13 13:36:53 INFO  persistance.dao.PersonDAO - Persons found
2018-11-13 13:36:53 INFO  persistance.dao.PersonDAO - Persons found
2018-11-13 13:36:53 INFO  persistance.dao.PersonDAO - PersonA found
2018-11-13 13:36:53 INFO  persistance.dao.PersonDAO - Persons found
2018-11-13 13:36:53 INFO  persistance.dao.PersonDAO - Persons found
2018-11-13 13:36:54 INFO  persistance.dao.PersonDAO - PersonsA found
2018-11-13 13:36:55 INFO  persistance.dao.PersonDAO - Person deleted
2018-11-13 13:36:55 INFO  persistance.dao.PersonDAO - PersonsA found
2018-11-13 13:36:55 INFO  persistance.dao.PersonDAO - Person deleted
2018-11-13 13:36:55 INFO  persistance.dao.PersonDAO - PersonsA found
2018-11-13 13:36:55 INFO  persistance.dao.PersonDAO - Person deleted
2018-11-13 13:36:55 INFO  persistance.dao.PersonDAO - PersonsA found
2018-11-13 13:36:56 INFO  persistance.dao.AnimalDAO - Animal found
2018-11-13 13:36:56 INFO  persistance.dao.PersonDAO - Person created
2018-11-13 13:36:56 INFO  persistance.dao.PersonDAO - Persons found
2018-11-13 13:36:56 INFO  persistance.dao.PersonDAO - Persons found
2018-11-13 13:36:56 INFO  persistance.dao.AnimalDAO - Animal found
2018-11-13 13:36:56 INFO  persistance.dao.AnimalDAO - Animal found
2018-11-13 13:36:56 INFO  persistance.dao.AnimalDAO - Animal found
2018-11-13 13:36:57 INFO  persistance.dao.PersonDAO - Person created
2018-11-13 13:36:57 INFO  persistance.dao.PersonDAO - Person found
2018-11-20 10:37:35 INFO  persistance.dao.AnimalDAO - Animal found
2018-11-20 10:37:35 INFO  persistance.dao.AnimalDAO - Animal updated
2018-11-20 10:37:35 INFO  persistance.dao.AnimalDAO - Animal found
2018-11-20 10:37:36 INFO  persistance.dao.AnimalDAO - Animal found
2018-11-20 10:37:36 INFO  persistance.dao.AnimalDAO - Animal found
2018-11-20 10:37:36 INFO  persistance.dao.AnimalDAO - Animals found
2018-11-20 10:37:37 INFO  persistance.dao.AnimalDAO - Animal deleted
2018-11-20 10:37:37 INFO  persistance.dao.AnimalDAO - Animals found
2018-11-20 10:37:37 INFO  persistance.dao.AnimalDAO - Animal deleted
2018-11-20 10:37:37 INFO  persistance.dao.AnimalDAO - Animals found
2018-11-20 10:37:38 INFO  persistance.dao.AnimalDAO - Animal deleted
2018-11-20 10:37:38 INFO  persistance.dao.AnimalDAO - Animals found
2018-11-20 10:37:38 INFO  persistance.dao.AnimalDAO - Animal created
2018-11-20 10:37:38 INFO  persistance.dao.AnimalDAO - Animal found
2018-11-20 10:37:38 INFO  persistance.dao.AnimalDAO - Animal found
2018-11-20 10:37:39 INFO  persistance.dao.PersonDAO - Persons found
2018-11-20 10:37:39 INFO  persistance.dao.PersonDAO - Person found
2018-11-20 10:37:39 INFO  persistance.dao.PersonDAO - Person updated
2018-11-20 10:37:39 INFO  persistance.dao.PersonDAO - Persons found
2018-11-20 10:37:40 INFO  persistance.dao.PersonDAO - Persons found
2018-11-20 10:37:40 INFO  persistance.dao.PersonDAO - Persons found
2018-11-20 10:37:40 INFO  persistance.dao.PersonDAO - Persons found
2018-11-20 10:37:40 INFO  persistance.dao.PersonDAO - Persons found
2018-11-20 10:37:40 INFO  persistance.dao.PersonDAO - Persons found
2018-11-20 10:37:40 INFO  persistance.dao.PersonDAO - Persons found
2018-11-20 10:37:40 INFO  persistance.dao.PersonDAO - Persons found
2018-11-20 10:37:40 INFO  persistance.dao.PersonDAO - Persons found
2018-11-20 10:37:40 INFO  persistance.dao.PersonDAO - Persons found
2018-11-20 10:37:40 INFO  persistance.dao.PersonDAO - Persons found
2018-11-20 10:37:40 INFO  persistance.dao.PersonDAO - PersonA found
2018-11-20 10:37:41 INFO  persistance.dao.PersonDAO - Persons found
2018-11-20 10:37:41 INFO  persistance.dao.PersonDAO - Persons found
2018-11-20 10:37:41 INFO  persistance.dao.PersonDAO - PersonsA found
2018-11-20 10:37:42 INFO  persistance.dao.PersonDAO - Person deleted
2018-11-20 10:37:42 INFO  persistance.dao.PersonDAO - PersonsA found
2018-11-20 10:37:42 INFO  persistance.dao.PersonDAO - Person deleted
2018-11-20 10:37:42 INFO  persistance.dao.PersonDAO - PersonsA found
2018-11-20 10:37:42 INFO  persistance.dao.PersonDAO - Person deleted
2018-11-20 10:37:42 INFO  persistance.dao.PersonDAO - PersonsA found
2018-11-20 10:37:43 INFO  persistance.dao.AnimalDAO - Animal found
2018-11-20 10:37:43 INFO  persistance.dao.PersonDAO - Person created
2018-11-20 10:37:43 INFO  persistance.dao.PersonDAO - Persons found
2018-11-20 10:37:43 INFO  persistance.dao.PersonDAO - Persons found
2018-11-20 10:37:44 INFO  persistance.dao.AnimalDAO - Animal found
2018-11-20 10:37:44 INFO  persistance.dao.AnimalDAO - Animal found
2018-11-20 10:37:44 INFO  persistance.dao.AnimalDAO - Animal found
2018-11-20 10:37:44 INFO  persistance.dao.PersonDAO - Person created
2018-11-20 10:37:44 INFO  persistance.dao.PersonDAO - Person found
2018-11-20 16:01:36 INFO  persistance.dao.PersonDAO - Specie found
2018-11-20 16:01:36 INFO  persistance.dao.AnimalDAO - Animal found
2018-11-20 16:01:36 INFO  persistance.dao.PersonDAO - Specie found
2018-11-20 16:01:36 INFO  persistance.dao.AnimalDAO - Animal updated
2018-11-20 16:01:36 INFO  persistance.dao.PersonDAO - Specie found
2018-11-20 16:01:36 INFO  persistance.dao.AnimalDAO - Animal found
2018-11-20 16:01:36 INFO  persistance.dao.PersonDAO - Specie found
2018-11-20 16:01:36 INFO  persistance.dao.AnimalDAO - Animal found
2018-11-20 16:01:36 INFO  persistance.dao.PersonDAO - Specie found
2018-11-20 16:01:36 INFO  persistance.dao.AnimalDAO - Animal found
2018-11-20 16:01:37 INFO  persistance.dao.PersonDAO - Specie found
2018-11-20 16:01:37 INFO  persistance.dao.PersonDAO - Specie found
2018-11-20 16:01:37 INFO  persistance.dao.PersonDAO - Specie found
2018-11-20 16:01:37 INFO  persistance.dao.PersonDAO - Specie found
2018-11-20 16:01:37 INFO  persistance.dao.PersonDAO - Specie found
2018-11-20 16:01:37 INFO  persistance.dao.PersonDAO - Specie found
2018-11-20 16:01:37 INFO  persistance.dao.PersonDAO - Specie found
2018-11-20 16:01:37 INFO  persistance.dao.PersonDAO - Specie found
2018-11-20 16:01:37 INFO  persistance.dao.PersonDAO - Specie found
2018-11-20 16:01:37 INFO  persistance.dao.AnimalDAO - Animals found
2018-11-20 16:01:38 INFO  persistance.dao.AnimalDAO - Animal deleted
2018-11-20 16:01:38 INFO  persistance.dao.PersonDAO - Specie found
2018-11-20 16:01:38 INFO  persistance.dao.PersonDAO - Specie found
2018-11-20 16:01:38 INFO  persistance.dao.PersonDAO - Specie found
2018-11-20 16:01:38 INFO  persistance.dao.PersonDAO - Specie found
2018-11-20 16:01:38 INFO  persistance.dao.PersonDAO - Specie found
2018-11-20 16:01:38 INFO  persistance.dao.PersonDAO - Specie found
2018-11-20 16:01:38 INFO  persistance.dao.PersonDAO - Specie found
2018-11-20 16:01:38 INFO  persistance.dao.PersonDAO - Specie found
2018-11-20 16:01:38 INFO  persistance.dao.AnimalDAO - Animals found
2018-11-20 16:01:38 INFO  persistance.dao.AnimalDAO - Animal deleted
2018-11-20 16:01:38 INFO  persistance.dao.PersonDAO - Specie found
2018-11-20 16:01:38 INFO  persistance.dao.PersonDAO - Specie found
2018-11-20 16:01:38 INFO  persistance.dao.PersonDAO - Specie found
2018-11-20 16:01:38 INFO  persistance.dao.PersonDAO - Specie found
2018-11-20 16:01:38 INFO  persistance.dao.PersonDAO - Specie found
2018-11-20 16:01:38 INFO  persistance.dao.PersonDAO - Specie found
2018-11-20 16:01:38 INFO  persistance.dao.PersonDAO - Specie found
2018-11-20 16:01:38 INFO  persistance.dao.PersonDAO - Specie found
2018-11-20 16:01:38 INFO  persistance.dao.AnimalDAO - Animals found
2018-11-20 16:01:38 INFO  persistance.dao.AnimalDAO - Animal deleted
2018-11-20 16:01:38 INFO  persistance.dao.PersonDAO - Specie found
2018-11-20 16:01:38 INFO  persistance.dao.PersonDAO - Specie found
2018-11-20 16:01:38 INFO  persistance.dao.PersonDAO - Specie found
2018-11-20 16:01:38 INFO  persistance.dao.PersonDAO - Specie found
2018-11-20 16:01:38 INFO  persistance.dao.PersonDAO - Specie found
2018-11-20 16:01:38 INFO  persistance.dao.PersonDAO - Specie found
2018-11-20 16:01:38 INFO  persistance.dao.PersonDAO - Specie found
2018-11-20 16:01:38 INFO  persistance.dao.PersonDAO - Specie found
2018-11-20 16:01:38 INFO  persistance.dao.AnimalDAO - Animals found
2018-11-20 16:01:39 INFO  persistance.dao.PersonDAO - Specie found
2018-11-20 16:01:39 INFO  persistance.dao.PersonDAO - Specie found
2018-11-20 16:01:39 INFO  persistance.dao.AnimalDAO - Animal created
2018-11-20 16:01:39 INFO  persistance.dao.PersonDAO - Specie found
2018-11-20 16:01:39 INFO  persistance.dao.AnimalDAO - Animal found
2018-11-20 16:01:39 INFO  persistance.dao.PersonDAO - Specie found
2018-11-20 16:01:39 INFO  persistance.dao.AnimalDAO - Animal found
2018-11-20 16:01:40 INFO  persistance.dao.PersonDAO - Specie found
2018-11-20 16:01:40 INFO  persistance.dao.AnimalDAO - Animal found
2018-11-20 16:01:40 INFO  persistance.dao.PersonDAO - Person found
2018-11-20 16:01:40 INFO  persistance.dao.PersonDAO - Person_Animal created
2018-11-20 16:01:40 INFO  persistance.dao.PersonDAO - Person updated
2018-11-20 16:01:40 INFO  persistance.dao.PersonDAO - Specie found
2018-11-20 16:01:40 INFO  persistance.dao.AnimalDAO - Animal found
2018-11-20 16:01:40 INFO  persistance.dao.PersonDAO - Person found
2018-11-20 16:01:40 INFO  persistance.dao.PersonDAO - Specie found
2018-11-20 16:01:40 INFO  persistance.dao.AnimalDAO - Animal found
2018-11-20 16:01:40 INFO  persistance.dao.PersonDAO - Person found
2018-11-20 16:01:40 INFO  persistance.dao.PersonDAO - Specie found
2018-11-20 16:01:40 INFO  persistance.dao.AnimalDAO - Animal found
2018-11-20 16:01:40 INFO  persistance.dao.PersonDAO - Person found
2018-11-20 16:01:40 INFO  persistance.dao.PersonDAO - Specie found
2018-11-20 16:01:40 INFO  persistance.dao.AnimalDAO - Animal found
2018-11-20 16:01:40 INFO  persistance.dao.PersonDAO - Specie found
2018-11-20 16:01:40 INFO  persistance.dao.AnimalDAO - Animal found
2018-11-20 16:01:40 INFO  persistance.dao.PersonDAO - Specie found
2018-11-20 16:01:40 INFO  persistance.dao.AnimalDAO - Animal found
2018-11-20 16:01:41 INFO  persistance.dao.PersonDAO - Specie found
2018-11-20 16:01:41 INFO  persistance.dao.AnimalDAO - Animal found
2018-11-20 16:01:41 INFO  persistance.dao.PersonDAO - Person found
2018-11-20 16:01:41 INFO  persistance.dao.PersonDAO - Specie found
2018-11-20 16:01:41 INFO  persistance.dao.AnimalDAO - Animal found
2018-11-20 16:01:41 INFO  persistance.dao.PersonDAO - Specie found
2018-11-20 16:01:41 INFO  persistance.dao.AnimalDAO - Animal found
2018-11-20 16:01:41 INFO  persistance.dao.PersonDAO - Specie found
2018-11-20 16:01:41 INFO  persistance.dao.AnimalDAO - Animal found
2018-11-20 16:01:41 INFO  persistance.dao.PersonDAO - Specie found
2018-11-20 16:01:41 INFO  persistance.dao.AnimalDAO - Animal found
2018-11-20 16:01:41 INFO  persistance.dao.PersonDAO - Person found
2018-11-20 16:01:41 INFO  persistance.dao.PersonDAO - Specie found
2018-11-20 16:01:41 INFO  persistance.dao.AnimalDAO - Animal found
2018-11-20 16:01:41 INFO  persistance.dao.PersonDAO - Person found
2018-11-20 16:01:41 INFO  persistance.dao.PersonDAO - Specie found
2018-11-20 16:01:41 INFO  persistance.dao.AnimalDAO - Animal found
2018-11-20 16:01:41 INFO  persistance.dao.PersonDAO - Specie found
2018-11-20 16:01:41 INFO  persistance.dao.AnimalDAO - Animal found
2018-11-20 16:01:41 INFO  persistance.dao.PersonDAO - Specie found
2018-11-20 16:01:41 INFO  persistance.dao.AnimalDAO - Animal found
2018-11-20 16:01:41 INFO  persistance.dao.PersonDAO - Specie found
2018-11-20 16:01:41 INFO  persistance.dao.AnimalDAO - Animal found
2018-11-20 16:01:41 INFO  persistance.dao.PersonDAO - Person found
2018-11-20 16:01:41 INFO  persistance.dao.PersonDAO - Specie found
2018-11-20 16:01:41 INFO  persistance.dao.AnimalDAO - Animal found
2018-11-20 16:01:41 INFO  persistance.dao.PersonDAO - Specie found
2018-11-20 16:01:41 INFO  persistance.dao.AnimalDAO - Animal found
2018-11-20 16:01:41 INFO  persistance.dao.PersonDAO - Specie found
2018-11-20 16:01:41 INFO  persistance.dao.AnimalDAO - Animal found
2018-11-20 16:01:41 INFO  persistance.dao.PersonDAO - Specie found
2018-11-20 16:01:41 INFO  persistance.dao.AnimalDAO - Animal found
2018-11-20 16:01:41 INFO  persistance.dao.PersonDAO - Person found
2018-11-20 16:01:41 INFO  persistance.dao.PersonDAO - Specie found
2018-11-20 16:01:41 INFO  persistance.dao.AnimalDAO - Animal found
2018-11-20 16:01:41 INFO  persistance.dao.PersonDAO - Specie found
2018-11-20 16:01:41 INFO  persistance.dao.AnimalDAO - Animal found
2018-11-20 16:01:41 INFO  persistance.dao.PersonDAO - Specie found
2018-11-20 16:01:41 INFO  persistance.dao.AnimalDAO - Animal found
2018-11-20 16:01:41 INFO  persistance.dao.PersonDAO - Person found
2018-11-20 16:01:41 INFO  persistance.dao.PersonDAO - Specie found
2018-11-20 16:01:41 INFO  persistance.dao.AnimalDAO - Animal found
2018-11-20 16:01:41 INFO  persistance.dao.PersonDAO - Specie found
2018-11-20 16:01:41 INFO  persistance.dao.AnimalDAO - Animal found
2018-11-20 16:01:41 INFO  persistance.dao.PersonDAO - Specie found
2018-11-20 16:01:41 INFO  persistance.dao.AnimalDAO - Animal found
2018-11-20 16:01:41 INFO  persistance.dao.PersonDAO - Person found
2018-11-20 16:01:41 INFO  persistance.dao.PersonDAO - Specie found
2018-11-20 16:01:41 INFO  persistance.dao.AnimalDAO - Animal found
2018-11-20 16:01:41 INFO  persistance.dao.PersonDAO - Specie found
2018-11-20 16:01:41 INFO  persistance.dao.AnimalDAO - Animal found
2018-11-20 16:01:41 INFO  persistance.dao.PersonDAO - Specie found
2018-11-20 16:01:41 INFO  persistance.dao.AnimalDAO - Animal found
2018-11-20 16:01:41 INFO  persistance.dao.PersonDAO - Person found
2018-11-20 16:01:41 INFO  persistance.dao.PersonDAO - PersonA found
2018-11-20 16:01:41 INFO  persistance.dao.PersonDAO - Specie found
2018-11-20 16:01:41 INFO  persistance.dao.AnimalDAO - Animal found
2018-11-20 16:01:41 INFO  persistance.dao.PersonDAO - Specie found
2018-11-20 16:01:41 INFO  persistance.dao.AnimalDAO - Animal found
2018-11-20 16:01:41 INFO  persistance.dao.PersonDAO - Specie found
2018-11-20 16:01:41 INFO  persistance.dao.AnimalDAO - Animal found
2018-11-20 16:01:41 INFO  persistance.dao.PersonDAO - Specie found
2018-11-20 16:01:41 INFO  persistance.dao.AnimalDAO - Animal found
2018-11-20 16:01:41 INFO  persistance.dao.PersonDAO - Person found
2018-11-20 16:01:41 INFO  persistance.dao.PersonDAO - Specie found
2018-11-20 16:01:41 INFO  persistance.dao.AnimalDAO - Animal found
2018-11-20 16:01:41 INFO  persistance.dao.PersonDAO - Specie found
2018-11-20 16:01:41 INFO  persistance.dao.AnimalDAO - Animal found
2018-11-20 16:01:41 INFO  persistance.dao.PersonDAO - Specie found
2018-11-20 16:01:41 INFO  persistance.dao.AnimalDAO - Animal found
2018-11-20 16:01:41 INFO  persistance.dao.PersonDAO - Specie found
2018-11-20 16:01:41 INFO  persistance.dao.AnimalDAO - Animal found
2018-11-20 16:01:41 INFO  persistance.dao.PersonDAO - Person found
2018-11-20 16:01:42 INFO  persistance.dao.PersonDAO - Specie found
2018-11-20 16:01:42 INFO  persistance.dao.AnimalDAO - Animal found
2018-11-20 16:01:42 INFO  persistance.dao.PersonDAO - Specie found
2018-11-20 16:01:42 INFO  persistance.dao.AnimalDAO - Animal found
2018-11-20 16:01:42 INFO  persistance.dao.PersonDAO - Specie found
2018-11-20 16:01:42 INFO  persistance.dao.AnimalDAO - Animal found
2018-11-20 16:01:42 INFO  persistance.dao.PersonDAO - Specie found
2018-11-20 16:01:42 INFO  persistance.dao.AnimalDAO - Animal found
2018-11-20 16:01:42 INFO  persistance.dao.PersonDAO - Specie found
2018-11-20 16:01:42 INFO  persistance.dao.AnimalDAO - Animal found
2018-11-20 16:01:42 INFO  persistance.dao.PersonDAO - Specie found
2018-11-20 16:01:42 INFO  persistance.dao.AnimalDAO - Animal found
2018-11-20 16:01:42 INFO  persistance.dao.PersonDAO - Specie found
2018-11-20 16:01:42 INFO  persistance.dao.AnimalDAO - Animal found
2018-11-20 16:01:42 INFO  persistance.dao.PersonDAO - Specie found
2018-11-20 16:01:42 INFO  persistance.dao.AnimalDAO - Animal found
2018-11-20 16:01:42 INFO  persistance.dao.PersonDAO - Specie found
2018-11-20 16:01:42 INFO  persistance.dao.AnimalDAO - Animal found
2018-11-20 16:01:42 INFO  persistance.dao.PersonDAO - Specie found
2018-11-20 16:01:42 INFO  persistance.dao.AnimalDAO - Animal found
2018-11-20 16:01:42 INFO  persistance.dao.PersonDAO - PersonsA found
2018-11-20 16:01:43 INFO  persistance.dao.PersonDAO - Person deleted
2018-11-20 16:01:43 INFO  persistance.dao.PersonDAO - Specie found
2018-11-20 16:01:43 INFO  persistance.dao.AnimalDAO - Animal found
2018-11-20 16:01:43 INFO  persistance.dao.PersonDAO - Specie found
2018-11-20 16:01:43 INFO  persistance.dao.AnimalDAO - Animal found
2018-11-20 16:01:43 INFO  persistance.dao.PersonDAO - Specie found
2018-11-20 16:01:43 INFO  persistance.dao.AnimalDAO - Animal found
2018-11-20 16:01:43 INFO  persistance.dao.PersonDAO - Specie found
2018-11-20 16:01:43 INFO  persistance.dao.AnimalDAO - Animal found
2018-11-20 16:01:43 INFO  persistance.dao.PersonDAO - Specie found
2018-11-20 16:01:43 INFO  persistance.dao.AnimalDAO - Animal found
2018-11-20 16:01:43 INFO  persistance.dao.PersonDAO - Specie found
2018-11-20 16:01:43 INFO  persistance.dao.AnimalDAO - Animal found
2018-11-20 16:01:43 INFO  persistance.dao.PersonDAO - Specie found
2018-11-20 16:01:43 INFO  persistance.dao.AnimalDAO - Animal found
2018-11-20 16:01:43 INFO  persistance.dao.PersonDAO - Specie found
2018-11-20 16:01:43 INFO  persistance.dao.AnimalDAO - Animal found
2018-11-20 16:01:43 INFO  persistance.dao.PersonDAO - Specie found
2018-11-20 16:01:43 INFO  persistance.dao.AnimalDAO - Animal found
2018-11-20 16:01:43 INFO  persistance.dao.PersonDAO - PersonsA found
2018-11-20 16:01:43 INFO  persistance.dao.PersonDAO - Person deleted
2018-11-20 16:01:43 INFO  persistance.dao.PersonDAO - Specie found
2018-11-20 16:01:43 INFO  persistance.dao.AnimalDAO - Animal found
2018-11-20 16:01:43 INFO  persistance.dao.PersonDAO - Specie found
2018-11-20 16:01:43 INFO  persistance.dao.AnimalDAO - Animal found
2018-11-20 16:01:43 INFO  persistance.dao.PersonDAO - Specie found
2018-11-20 16:01:43 INFO  persistance.dao.AnimalDAO - Animal found
2018-11-20 16:01:43 INFO  persistance.dao.PersonDAO - Specie found
2018-11-20 16:01:43 INFO  persistance.dao.AnimalDAO - Animal found
2018-11-20 16:01:43 INFO  persistance.dao.PersonDAO - Specie found
2018-11-20 16:01:43 INFO  persistance.dao.AnimalDAO - Animal found
2018-11-20 16:01:43 INFO  persistance.dao.PersonDAO - Specie found
2018-11-20 16:01:43 INFO  persistance.dao.AnimalDAO - Animal found
2018-11-20 16:01:43 INFO  persistance.dao.PersonDAO - Specie found
2018-11-20 16:01:43 INFO  persistance.dao.AnimalDAO - Animal found
2018-11-20 16:01:43 INFO  persistance.dao.PersonDAO - Specie found
2018-11-20 16:01:43 INFO  persistance.dao.AnimalDAO - Animal found
2018-11-20 16:01:43 INFO  persistance.dao.PersonDAO - Specie found
2018-11-20 16:01:43 INFO  persistance.dao.AnimalDAO - Animal found
2018-11-20 16:01:43 INFO  persistance.dao.PersonDAO - PersonsA found
2018-11-20 16:01:43 INFO  persistance.dao.PersonDAO - Person deleted
2018-11-20 16:01:43 INFO  persistance.dao.PersonDAO - Specie found
2018-11-20 16:01:43 INFO  persistance.dao.AnimalDAO - Animal found
2018-11-20 16:01:43 INFO  persistance.dao.PersonDAO - Specie found
2018-11-20 16:01:43 INFO  persistance.dao.AnimalDAO - Animal found
2018-11-20 16:01:43 INFO  persistance.dao.PersonDAO - Specie found
2018-11-20 16:01:43 INFO  persistance.dao.AnimalDAO - Animal found
2018-11-20 16:01:43 INFO  persistance.dao.PersonDAO - Specie found
2018-11-20 16:01:43 INFO  persistance.dao.AnimalDAO - Animal found
2018-11-20 16:01:43 INFO  persistance.dao.PersonDAO - Specie found
2018-11-20 16:01:43 INFO  persistance.dao.AnimalDAO - Animal found
2018-11-20 16:01:43 INFO  persistance.dao.PersonDAO - Specie found
2018-11-20 16:01:43 INFO  persistance.dao.AnimalDAO - Animal found
2018-11-20 16:01:43 INFO  persistance.dao.PersonDAO - Specie found
2018-11-20 16:01:43 INFO  persistance.dao.AnimalDAO - Animal found
2018-11-20 16:01:43 INFO  persistance.dao.PersonDAO - Specie found
2018-11-20 16:01:43 INFO  persistance.dao.AnimalDAO - Animal found
2018-11-20 16:01:43 INFO  persistance.dao.PersonDAO - Specie found
2018-11-20 16:01:43 INFO  persistance.dao.AnimalDAO - Animal found
2018-11-20 16:01:43 INFO  persistance.dao.PersonDAO - PersonsA found
2018-11-20 16:01:44 INFO  persistance.dao.PersonDAO - Specie found
2018-11-20 16:01:44 INFO  persistance.dao.AnimalDAO - Animal found
2018-11-20 16:01:44 INFO  persistance.dao.PersonDAO - Person created
2018-11-20 16:01:44 INFO  persistance.dao.PersonDAO - Person found
2018-11-20 16:01:44 INFO  persistance.dao.PersonDAO - Person found
2018-11-20 16:01:45 INFO  persistance.dao.PersonDAO - Specie found
2018-11-20 16:01:45 INFO  persistance.dao.AnimalDAO - Animal found
2018-11-20 16:01:45 INFO  persistance.dao.PersonDAO - Specie found
2018-11-20 16:01:45 INFO  persistance.dao.AnimalDAO - Animal found
2018-11-20 16:01:45 INFO  persistance.dao.PersonDAO - Specie found
2018-11-20 16:01:45 INFO  persistance.dao.AnimalDAO - Animal found
2018-11-20 16:01:45 INFO  persistance.dao.PersonDAO - Person created
2018-11-20 16:01:45 INFO  persistance.dao.PersonDAO - Person_Animal created
2018-11-20 16:01:46 INFO  persistance.dao.PersonDAO - Procedure count launched
2018-11-20 16:01:47 INFO  persistance.dao.PersonDAO - Specie found
2018-11-20 16:01:47 INFO  persistance.dao.PersonDAO - Specie found
2018-11-20 16:01:47 INFO  persistance.dao.PersonDAO - Specie found
2018-11-20 16:01:47 INFO  persistance.dao.PersonDAO - Specie found
2018-11-20 16:01:47 INFO  persistance.dao.PersonDAO - Specie found
2018-11-20 16:01:47 INFO  persistance.dao.PersonDAO - Specie found
2018-11-20 16:01:47 INFO  persistance.dao.PersonDAO - Specie found
2018-11-20 16:01:47 INFO  persistance.dao.PersonDAO - Specie found
2018-11-20 16:01:47 INFO  persistance.dao.PersonDAO - Specie found
2018-11-20 16:01:47 INFO  persistance.dao.PersonDAO - Procedure listA launched
2018-11-20 16:01:48 INFO  persistance.dao.PersonDAO - Procedure listS launched
2018-11-20 16:01:49 INFO  persistance.dao.PersonDAO - Specie found
2018-11-20 16:01:49 INFO  persistance.dao.PersonDAO - Specie updated
2018-11-20 16:01:49 INFO  persistance.dao.PersonDAO - Specie found
2018-11-20 16:01:49 INFO  persistance.dao.PersonDAO - Specie found
2018-11-20 16:01:49 INFO  persistance.dao.PersonDAO - Specie found
2018-11-20 16:01:50 INFO  persistance.dao.PersonDAO - Species found
2018-11-20 16:01:51 INFO  persistance.dao.PersonDAO - Specie deleted
2018-11-20 16:01:51 INFO  persistance.dao.PersonDAO - Species found
2018-11-20 16:01:51 INFO  persistance.dao.PersonDAO - Specie deleted
2018-11-20 16:01:51 INFO  persistance.dao.PersonDAO - Species found
2018-11-20 16:01:51 INFO  persistance.dao.PersonDAO - Specie deleted
2018-11-20 16:01:51 INFO  persistance.dao.PersonDAO - Species found
2018-11-20 16:01:52 INFO  persistance.dao.PersonDAO - Specie created
2018-11-20 16:01:52 INFO  persistance.dao.PersonDAO - Specie found
2018-11-20 16:01:52 INFO  persistance.dao.PersonDAO - Specie found
